TEST CASES FOR 3-SAY_MY_NAME MODULE
++++++++++++++++++++++++++++++++++++

this module contains one function which takes two parameters
and return them 

EDGE CASES:

>>> say_my_name = __import__("3-say_my_name").say_my_name

>>> say_my_name()
Traceback (most recent call last):
TypeError: say_my_name() missing 1 required positional argument: 'first_name'

>>> say_my_name("AMER")
My name is AMER 

>>> say_my_name("mohammed", "amer")
My name is mohammed amer

>>> say_my_name(5)
Traceback (most recent call last):
TypeError: first_name must be a string

>>> say_my_name("amer", [])
Traceback (most recent call last):
TypeError: last_name must be a string

>>> say_my_name(74, 3.20)
Traceback (most recent call last):
TypeError: first_name must be a string

>>> say_my_name("")
My name is  

>>> say_my_name("", "")
My name is  