TEST CASES FOR MODULE 4-print_square
++++++++++++++++++++++++++++++++++++

this is text file provides test case suit for function 
print square this file should always exit in the ./tests 
directory


EDGE CASES:

>>> print_square = __import__("4-print_square").print_square
>>> print_square()
Traceback (most recent call last):
TypeError: print_square() missing 1 required positional argument: 'size'


>>> print_square('amer')
Traceback (most recent call last):
TypeError: size must be an integer

>>> print_square(-3)
Traceback (most recent call last):
ValueError: size must be >= 0

>>> print_square(3.3)
Traceback (most recent call last):
TypeError: size must be an integer

>>> print_square(0)

>>> print_square(4)
####
####
####
####



